mode: set
cjw.com/melodywen/go-ioc/alias_of_container.go:4.69,8.2 3 1
cjw.com/melodywen/go-ioc/alias_of_container.go:11.67,13.43 2 1
cjw.com/melodywen/go-ioc/alias_of_container.go:16.2,16.14 1 1
cjw.com/melodywen/go-ioc/alias_of_container.go:13.43,15.3 1 1
cjw.com/melodywen/go-ioc/alias_of_container.go:20.76,23.29 3 1
cjw.com/melodywen/go-ioc/alias_of_container.go:27.2,28.51 2 1
cjw.com/melodywen/go-ioc/alias_of_container.go:31.2,31.99 1 1
cjw.com/melodywen/go-ioc/alias_of_container.go:23.29,25.47 1 0
cjw.com/melodywen/go-ioc/alias_of_container.go:28.51,30.3 1 1
cjw.com/melodywen/go-ioc/alias_of_container.go:35.74,36.45 1 1
cjw.com/melodywen/go-ioc/alias_of_container.go:39.2,39.59 1 1
cjw.com/melodywen/go-ioc/alias_of_container.go:47.2,47.11 1 1
cjw.com/melodywen/go-ioc/alias_of_container.go:36.45,38.3 1 1
cjw.com/melodywen/go-ioc/alias_of_container.go:39.59,40.37 1 1
cjw.com/melodywen/go-ioc/alias_of_container.go:40.37,41.23 1 1
cjw.com/melodywen/go-ioc/alias_of_container.go:41.23,44.5 2 1
cjw.com/melodywen/go-ioc/bind_of_container.go:8.91,18.21 3 1
cjw.com/melodywen/go-ioc/bind_of_container.go:25.2,25.53 1 1
cjw.com/melodywen/go-ioc/bind_of_container.go:31.2,37.34 2 1
cjw.com/melodywen/go-ioc/bind_of_container.go:18.21,20.3 1 0
cjw.com/melodywen/go-ioc/bind_of_container.go:25.54,28.3 0 1
cjw.com/melodywen/go-ioc/bind_of_container.go:37.34,40.3 1 1
cjw.com/melodywen/go-ioc/bind_of_container.go:45.75,46.54 1 1
cjw.com/melodywen/go-ioc/bind_of_container.go:50.2,50.52 1 1
cjw.com/melodywen/go-ioc/bind_of_container.go:54.2,54.11 1 1
cjw.com/melodywen/go-ioc/bind_of_container.go:46.54,49.3 2 1
cjw.com/melodywen/go-ioc/bind_of_container.go:50.52,53.3 2 1
cjw.com/melodywen/go-ioc/bind_of_container.go:58.70,59.33 1 1
cjw.com/melodywen/go-ioc/bind_of_container.go:62.2,64.50 2 1
cjw.com/melodywen/go-ioc/bind_of_container.go:67.2,67.51 1 1
cjw.com/melodywen/go-ioc/bind_of_container.go:70.2,70.14 1 1
cjw.com/melodywen/go-ioc/bind_of_container.go:59.33,61.3 1 0
cjw.com/melodywen/go-ioc/bind_of_container.go:64.50,66.3 1 1
cjw.com/melodywen/go-ioc/bind_of_container.go:67.51,69.3 1 1
cjw.com/melodywen/go-ioc/bind_of_container.go:74.67,77.50 2 1
cjw.com/melodywen/go-ioc/bind_of_container.go:80.2,80.51 1 1
cjw.com/melodywen/go-ioc/bind_of_container.go:83.2,83.30 1 1
cjw.com/melodywen/go-ioc/bind_of_container.go:86.2,86.14 1 0
cjw.com/melodywen/go-ioc/bind_of_container.go:77.50,79.3 1 1
cjw.com/melodywen/go-ioc/bind_of_container.go:80.51,82.3 1 1
cjw.com/melodywen/go-ioc/bind_of_container.go:83.30,85.3 1 1
cjw.com/melodywen/go-ioc/bind_of_container.go:90.94,93.43 3 1
cjw.com/melodywen/go-ioc/bind_of_container.go:100.2,103.13 3 1
cjw.com/melodywen/go-ioc/bind_of_container.go:107.2,107.17 1 1
cjw.com/melodywen/go-ioc/bind_of_container.go:93.43,95.3 1 1
cjw.com/melodywen/go-ioc/bind_of_container.go:103.14,106.3 0 1
cjw.com/melodywen/go-ioc/resolve_of_container.go:4.104,7.2 2 1
cjw.com/melodywen/go-ioc/resolve_of_container.go:10.68,13.2 2 1
cjw.com/melodywen/go-ioc/resolve_of_container.go:16.119,22.17 2 1
cjw.com/melodywen/go-ioc/resolve_of_container.go:27.2,34.73 3 1
cjw.com/melodywen/go-ioc/resolve_of_container.go:38.2,38.21 1 1
cjw.com/melodywen/go-ioc/resolve_of_container.go:45.2,45.47 1 1
cjw.com/melodywen/go-ioc/resolve_of_container.go:62.2,62.59 1 1
cjw.com/melodywen/go-ioc/resolve_of_container.go:70.2,71.15 2 1
cjw.com/melodywen/go-ioc/resolve_of_container.go:22.18,25.3 0 1
cjw.com/melodywen/go-ioc/resolve_of_container.go:34.73,36.3 1 1
cjw.com/melodywen/go-ioc/resolve_of_container.go:38.21,40.3 1 1
cjw.com/melodywen/go-ioc/resolve_of_container.go:45.47,47.3 1 1
cjw.com/melodywen/go-ioc/resolve_of_container.go:47.8,49.3 1 0
cjw.com/melodywen/go-ioc/resolve_of_container.go:62.59,64.3 1 1
cjw.com/melodywen/go-ioc/resolve_of_container.go:76.81,78.51 1 1
cjw.com/melodywen/go-ioc/resolve_of_container.go:81.2,81.17 1 0
cjw.com/melodywen/go-ioc/resolve_of_container.go:78.51,80.3 1 1
cjw.com/melodywen/go-ioc/resolve_of_container.go:85.60,86.48 1 1
cjw.com/melodywen/go-ioc/resolve_of_container.go:89.2,89.51 1 1
cjw.com/melodywen/go-ioc/resolve_of_container.go:92.2,92.14 1 1
cjw.com/melodywen/go-ioc/resolve_of_container.go:86.48,88.3 1 0
cjw.com/melodywen/go-ioc/resolve_of_container.go:89.51,91.3 1 1
cjw.com/melodywen/go-ioc/todo_of_container.go:4.91,6.2 1 1
cjw.com/melodywen/go-ioc/build_of_container.go:18.103,22.29 2 1
cjw.com/melodywen/go-ioc/build_of_container.go:23.20,28.40 3 1
cjw.com/melodywen/go-ioc/build_of_container.go:32.3,36.31 4 1
cjw.com/melodywen/go-ioc/build_of_container.go:53.3,53.25 1 1
cjw.com/melodywen/go-ioc/build_of_container.go:56.3,56.18 1 1
cjw.com/melodywen/go-ioc/build_of_container.go:57.10,59.69 2 0
cjw.com/melodywen/go-ioc/build_of_container.go:28.40,30.4 1 1
cjw.com/melodywen/go-ioc/build_of_container.go:36.31,38.29 2 1
cjw.com/melodywen/go-ioc/build_of_container.go:39.21,45.55 6 1
cjw.com/melodywen/go-ioc/build_of_container.go:46.12,50.55 4 1
cjw.com/melodywen/go-ioc/build_of_container.go:53.25,55.4 1 1
cjw.com/melodywen/go-ioc/build_of_container.go:67.89,69.43 1 1
cjw.com/melodywen/go-ioc/build_of_container.go:72.2,72.56 1 1
cjw.com/melodywen/go-ioc/build_of_container.go:69.43,71.3 1 1
cjw.com/melodywen/go-ioc/callback_of_container.go:4.132,6.53 2 1
cjw.com/melodywen/go-ioc/callback_of_container.go:9.2,10.28 2 1
cjw.com/melodywen/go-ioc/callback_of_container.go:13.2,13.12 1 0
cjw.com/melodywen/go-ioc/callback_of_container.go:6.53,8.3 1 1
cjw.com/melodywen/go-ioc/callback_of_container.go:10.28,12.3 1 1
cjw.com/melodywen/go-ioc/callback_of_container.go:17.54,19.67 2 1
cjw.com/melodywen/go-ioc/callback_of_container.go:19.67,21.3 1 1
cjw.com/melodywen/go-ioc/callback_of_container.go:25.117,26.55 1 1
cjw.com/melodywen/go-ioc/callback_of_container.go:29.2,29.61 1 0
cjw.com/melodywen/go-ioc/callback_of_container.go:26.55,28.3 1 1
cjw.com/melodywen/go-ioc/callback_of_container.go:33.73,34.48 1 0
cjw.com/melodywen/go-ioc/callback_of_container.go:37.2,37.24 1 0
cjw.com/melodywen/go-ioc/callback_of_container.go:34.48,36.3 1 0
cjw.com/melodywen/go-ioc/callback_of_container.go:41.72,42.48 1 0
cjw.com/melodywen/go-ioc/callback_of_container.go:46.2,46.14 1 0
cjw.com/melodywen/go-ioc/callback_of_container.go:42.48,45.3 2 0
cjw.com/melodywen/go-ioc/callback_of_container.go:50.114,54.48 2 0
cjw.com/melodywen/go-ioc/callback_of_container.go:58.2,58.14 1 0
cjw.com/melodywen/go-ioc/callback_of_container.go:54.48,56.3 1 0
cjw.com/melodywen/go-ioc/container.go:9.32,28.2 2 1
cjw.com/melodywen/go-ioc/extend_of_container.go:15.86,17.26 2 1
cjw.com/melodywen/go-ioc/extend_of_container.go:31.2,31.17 1 1
cjw.com/melodywen/go-ioc/extend_of_container.go:18.22,19.31 1 1
cjw.com/melodywen/go-ioc/extend_of_container.go:20.19,21.42 1 1
cjw.com/melodywen/go-ioc/extend_of_container.go:22.22,23.58 1 1
cjw.com/melodywen/go-ioc/extend_of_container.go:24.20,25.75 1 1
cjw.com/melodywen/go-ioc/extend_of_container.go:26.19,27.78 1 1
cjw.com/melodywen/go-ioc/extend_of_container.go:28.10,29.31 1 0
