mode: set
cjw.com/melodywen/go-ioc/bind_of_container.go:8.91,18.21 3 1
cjw.com/melodywen/go-ioc/bind_of_container.go:25.2,25.53 1 1
cjw.com/melodywen/go-ioc/bind_of_container.go:30.2,36.34 2 1
cjw.com/melodywen/go-ioc/bind_of_container.go:18.21,20.3 1 0
cjw.com/melodywen/go-ioc/bind_of_container.go:25.53,27.3 1 1
cjw.com/melodywen/go-ioc/bind_of_container.go:36.34,38.3 1 1
cjw.com/melodywen/go-ioc/bind_of_container.go:43.75,44.54 1 1
cjw.com/melodywen/go-ioc/bind_of_container.go:48.2,48.52 1 1
cjw.com/melodywen/go-ioc/bind_of_container.go:52.2,52.11 1 1
cjw.com/melodywen/go-ioc/bind_of_container.go:44.54,47.3 2 1
cjw.com/melodywen/go-ioc/bind_of_container.go:48.52,51.3 2 1
cjw.com/melodywen/go-ioc/bind_of_container.go:56.70,57.33 1 1
cjw.com/melodywen/go-ioc/bind_of_container.go:60.2,62.50 2 1
cjw.com/melodywen/go-ioc/bind_of_container.go:65.2,65.51 1 1
cjw.com/melodywen/go-ioc/bind_of_container.go:68.2,68.14 1 1
cjw.com/melodywen/go-ioc/bind_of_container.go:57.33,59.3 1 0
cjw.com/melodywen/go-ioc/bind_of_container.go:62.50,64.3 1 1
cjw.com/melodywen/go-ioc/bind_of_container.go:65.51,67.3 1 1
cjw.com/melodywen/go-ioc/bind_of_container.go:72.67,75.50 2 1
cjw.com/melodywen/go-ioc/bind_of_container.go:78.2,78.51 1 1
cjw.com/melodywen/go-ioc/bind_of_container.go:81.2,81.30 1 1
cjw.com/melodywen/go-ioc/bind_of_container.go:84.2,84.14 1 1
cjw.com/melodywen/go-ioc/bind_of_container.go:75.50,77.3 1 1
cjw.com/melodywen/go-ioc/bind_of_container.go:78.51,80.3 1 1
cjw.com/melodywen/go-ioc/bind_of_container.go:81.30,83.3 1 1
cjw.com/melodywen/go-ioc/bind_of_container.go:88.94,91.43 3 1
cjw.com/melodywen/go-ioc/bind_of_container.go:98.2,101.13 3 1
cjw.com/melodywen/go-ioc/bind_of_container.go:104.2,104.17 1 1
cjw.com/melodywen/go-ioc/bind_of_container.go:91.43,93.3 1 1
cjw.com/melodywen/go-ioc/bind_of_container.go:101.13,103.3 1 1
cjw.com/melodywen/go-ioc/resolve_of_container.go:4.104,7.2 2 1
cjw.com/melodywen/go-ioc/resolve_of_container.go:10.68,13.2 2 1
cjw.com/melodywen/go-ioc/resolve_of_container.go:16.119,22.17 2 1
cjw.com/melodywen/go-ioc/resolve_of_container.go:26.2,33.73 3 1
cjw.com/melodywen/go-ioc/resolve_of_container.go:37.2,37.21 1 1
cjw.com/melodywen/go-ioc/resolve_of_container.go:44.2,44.47 1 1
cjw.com/melodywen/go-ioc/resolve_of_container.go:53.2,53.60 1 1
cjw.com/melodywen/go-ioc/resolve_of_container.go:60.2,60.59 1 1
cjw.com/melodywen/go-ioc/resolve_of_container.go:64.2,64.17 1 1
cjw.com/melodywen/go-ioc/resolve_of_container.go:68.2,69.15 2 1
cjw.com/melodywen/go-ioc/resolve_of_container.go:22.17,24.3 1 1
cjw.com/melodywen/go-ioc/resolve_of_container.go:33.73,35.3 1 1
cjw.com/melodywen/go-ioc/resolve_of_container.go:37.21,39.3 1 1
cjw.com/melodywen/go-ioc/resolve_of_container.go:44.47,46.3 1 1
cjw.com/melodywen/go-ioc/resolve_of_container.go:46.8,48.3 1 0
cjw.com/melodywen/go-ioc/resolve_of_container.go:53.60,55.3 1 1
cjw.com/melodywen/go-ioc/resolve_of_container.go:60.59,62.3 1 1
cjw.com/melodywen/go-ioc/resolve_of_container.go:64.17,66.3 1 1
cjw.com/melodywen/go-ioc/resolve_of_container.go:74.81,76.51 1 1
cjw.com/melodywen/go-ioc/resolve_of_container.go:79.2,79.17 1 1
cjw.com/melodywen/go-ioc/resolve_of_container.go:76.51,78.3 1 1
cjw.com/melodywen/go-ioc/resolve_of_container.go:83.60,84.48 1 1
cjw.com/melodywen/go-ioc/resolve_of_container.go:87.2,87.51 1 1
cjw.com/melodywen/go-ioc/resolve_of_container.go:90.2,90.14 1 1
cjw.com/melodywen/go-ioc/resolve_of_container.go:84.48,86.3 1 1
cjw.com/melodywen/go-ioc/resolve_of_container.go:87.51,89.3 1 1
cjw.com/melodywen/go-ioc/alias_of_container.go:4.69,8.2 3 1
cjw.com/melodywen/go-ioc/alias_of_container.go:11.67,13.43 2 1
cjw.com/melodywen/go-ioc/alias_of_container.go:16.2,16.14 1 1
cjw.com/melodywen/go-ioc/alias_of_container.go:13.43,15.3 1 1
cjw.com/melodywen/go-ioc/alias_of_container.go:20.76,23.29 3 1
cjw.com/melodywen/go-ioc/alias_of_container.go:27.2,28.51 2 1
cjw.com/melodywen/go-ioc/alias_of_container.go:31.2,31.99 1 1
cjw.com/melodywen/go-ioc/alias_of_container.go:23.29,25.47 1 0
cjw.com/melodywen/go-ioc/alias_of_container.go:28.51,30.3 1 1
cjw.com/melodywen/go-ioc/alias_of_container.go:35.74,36.45 1 1
cjw.com/melodywen/go-ioc/alias_of_container.go:39.2,39.59 1 1
cjw.com/melodywen/go-ioc/alias_of_container.go:47.2,47.11 1 1
cjw.com/melodywen/go-ioc/alias_of_container.go:36.45,38.3 1 1
cjw.com/melodywen/go-ioc/alias_of_container.go:39.59,40.37 1 1
cjw.com/melodywen/go-ioc/alias_of_container.go:40.37,41.23 1 1
cjw.com/melodywen/go-ioc/alias_of_container.go:41.23,44.5 2 1
cjw.com/melodywen/go-ioc/build_of_container.go:18.103,19.15 1 1
cjw.com/melodywen/go-ioc/build_of_container.go:28.2,30.29 2 1
cjw.com/melodywen/go-ioc/build_of_container.go:19.15,20.35 1 1
cjw.com/melodywen/go-ioc/build_of_container.go:20.35,24.14 4 0
cjw.com/melodywen/go-ioc/build_of_container.go:31.20,36.40 3 1
cjw.com/melodywen/go-ioc/build_of_container.go:40.3,44.31 4 1
cjw.com/melodywen/go-ioc/build_of_container.go:61.3,61.25 1 1
cjw.com/melodywen/go-ioc/build_of_container.go:64.3,64.18 1 1
cjw.com/melodywen/go-ioc/build_of_container.go:65.10,67.69 2 0
cjw.com/melodywen/go-ioc/build_of_container.go:36.40,38.4 1 1
cjw.com/melodywen/go-ioc/build_of_container.go:44.31,46.29 2 1
cjw.com/melodywen/go-ioc/build_of_container.go:47.21,53.55 6 1
cjw.com/melodywen/go-ioc/build_of_container.go:54.12,58.55 4 1
cjw.com/melodywen/go-ioc/build_of_container.go:61.25,63.4 1 1
cjw.com/melodywen/go-ioc/build_of_container.go:75.89,77.43 1 1
cjw.com/melodywen/go-ioc/build_of_container.go:80.2,80.56 1 1
cjw.com/melodywen/go-ioc/build_of_container.go:77.43,79.3 1 1
cjw.com/melodywen/go-ioc/callback_of_container.go:4.132,6.53 2 1
cjw.com/melodywen/go-ioc/callback_of_container.go:9.2,10.28 2 1
cjw.com/melodywen/go-ioc/callback_of_container.go:13.2,13.12 1 1
cjw.com/melodywen/go-ioc/callback_of_container.go:6.53,8.3 1 1
cjw.com/melodywen/go-ioc/callback_of_container.go:10.28,12.3 1 1
cjw.com/melodywen/go-ioc/callback_of_container.go:17.54,19.67 2 1
cjw.com/melodywen/go-ioc/callback_of_container.go:19.67,21.3 1 1
cjw.com/melodywen/go-ioc/callback_of_container.go:25.117,26.55 1 1
cjw.com/melodywen/go-ioc/callback_of_container.go:29.2,29.61 1 1
cjw.com/melodywen/go-ioc/callback_of_container.go:26.55,28.3 1 1
cjw.com/melodywen/go-ioc/callback_of_container.go:33.120,34.48 1 1
cjw.com/melodywen/go-ioc/callback_of_container.go:37.2,37.71 1 1
cjw.com/melodywen/go-ioc/callback_of_container.go:34.48,36.3 1 1
cjw.com/melodywen/go-ioc/callback_of_container.go:41.77,43.45 2 1
cjw.com/melodywen/go-ioc/callback_of_container.go:47.2,47.14 1 1
cjw.com/melodywen/go-ioc/callback_of_container.go:43.45,46.3 2 1
cjw.com/melodywen/go-ioc/callback_of_container.go:51.126,53.45 2 1
cjw.com/melodywen/go-ioc/callback_of_container.go:53.45,56.3 2 1
cjw.com/melodywen/go-ioc/callback_of_container.go:56.8,57.47 1 1
cjw.com/melodywen/go-ioc/callback_of_container.go:60.3,61.32 2 1
cjw.com/melodywen/go-ioc/callback_of_container.go:57.47,59.4 1 1
cjw.com/melodywen/go-ioc/callback_of_container.go:61.32,63.4 1 1
cjw.com/melodywen/go-ioc/callback_of_container.go:68.93,69.28 1 1
cjw.com/melodywen/go-ioc/callback_of_container.go:69.28,70.27 1 1
cjw.com/melodywen/go-ioc/callback_of_container.go:73.3,73.61 1 1
cjw.com/melodywen/go-ioc/callback_of_container.go:70.27,72.4 1 0
cjw.com/melodywen/go-ioc/callback_of_container.go:81.55,82.37 1 1
cjw.com/melodywen/go-ioc/callback_of_container.go:82.37,84.3 1 1
cjw.com/melodywen/go-ioc/callback_of_container.go:88.101,91.67 2 1
cjw.com/melodywen/go-ioc/callback_of_container.go:91.67,93.24 1 1
cjw.com/melodywen/go-ioc/callback_of_container.go:93.24,95.4 1 1
cjw.com/melodywen/go-ioc/callback_of_container.go:100.117,101.21 1 1
cjw.com/melodywen/go-ioc/callback_of_container.go:105.2,107.61 2 1
cjw.com/melodywen/go-ioc/callback_of_container.go:110.2,110.105 1 1
cjw.com/melodywen/go-ioc/callback_of_container.go:101.21,104.3 2 1
cjw.com/melodywen/go-ioc/callback_of_container.go:107.61,109.3 1 1
cjw.com/melodywen/go-ioc/callback_of_container.go:114.110,115.37 1 1
cjw.com/melodywen/go-ioc/callback_of_container.go:115.37,117.3 1 1
cjw.com/melodywen/go-ioc/callback_of_container.go:121.172,123.41 2 1
cjw.com/melodywen/go-ioc/callback_of_container.go:129.2,129.16 1 1
cjw.com/melodywen/go-ioc/callback_of_container.go:123.41,125.24 1 1
cjw.com/melodywen/go-ioc/callback_of_container.go:125.24,127.4 1 1
cjw.com/melodywen/go-ioc/callback_of_container.go:133.101,134.21 1 1
cjw.com/melodywen/go-ioc/callback_of_container.go:138.2,139.55 2 1
cjw.com/melodywen/go-ioc/callback_of_container.go:142.2,142.93 1 1
cjw.com/melodywen/go-ioc/callback_of_container.go:134.21,137.3 2 1
cjw.com/melodywen/go-ioc/callback_of_container.go:139.55,141.3 1 1
cjw.com/melodywen/go-ioc/callback_of_container.go:146.106,147.21 1 1
cjw.com/melodywen/go-ioc/callback_of_container.go:151.2,152.60 2 1
cjw.com/melodywen/go-ioc/callback_of_container.go:155.2,155.103 1 1
cjw.com/melodywen/go-ioc/callback_of_container.go:147.21,150.3 2 1
cjw.com/melodywen/go-ioc/callback_of_container.go:152.60,154.3 1 1
cjw.com/melodywen/go-ioc/callback_of_container.go:159.89,167.2 3 1
cjw.com/melodywen/go-ioc/callback_of_container.go:170.94,176.2 2 1
cjw.com/melodywen/go-ioc/container.go:9.32,30.2 2 1
cjw.com/melodywen/go-ioc/extend_of_container.go:15.86,17.26 2 1
cjw.com/melodywen/go-ioc/extend_of_container.go:31.2,31.17 1 1
cjw.com/melodywen/go-ioc/extend_of_container.go:18.22,19.31 1 1
cjw.com/melodywen/go-ioc/extend_of_container.go:20.19,21.42 1 1
cjw.com/melodywen/go-ioc/extend_of_container.go:22.22,23.58 1 1
cjw.com/melodywen/go-ioc/extend_of_container.go:24.20,25.75 1 1
cjw.com/melodywen/go-ioc/extend_of_container.go:26.19,27.78 1 1
cjw.com/melodywen/go-ioc/extend_of_container.go:28.10,29.31 1 0
cjw.com/melodywen/go-ioc/todo_of_container.go:4.91,6.2 1 1
